<?xml version="1.0" encoding="UTF-8"?>
<testng-results ignored="0" total="3" passed="3" failed="0" skipped="0">
  <reporter-output>
  </reporter-output>
  <suite started-at="2021-06-24T20:32:33 IST" name="Default suite" finished-at="2021-06-24T20:33:11 IST" duration-ms="38083">
    <groups>
    </groups>
    <test started-at="2021-06-24T20:32:33 IST" name="Default test" finished-at="2021-06-24T20:33:11 IST" duration-ms="38083">
      <class name="NewTest">
        <test-method is-config="true" signature="beforeClass()[pri:0, instance:NewTest@64a8c844]" started-at="2021-06-24T20:32:33 IST" name="beforeClass" finished-at="2021-06-24T20:32:37 IST" duration-ms="3842" status="PASS">
          <reporter-output>
          </reporter-output>
        </test-method> <!-- beforeClass -->
        <test-method signature="a()[pri:1, instance:NewTest@64a8c844]" started-at="2021-06-24T20:32:37 IST" name="a" description="Search PaisaBazaar on Google.co.in" finished-at="2021-06-24T20:32:40 IST" duration-ms="3251" status="PASS">
          <reporter-output>
          </reporter-output>
        </test-method> <!-- a -->
        <test-method signature="b()[pri:2, instance:NewTest@64a8c844]" started-at="2021-06-24T20:32:40 IST" name="b" description="Click on main link of PaisaBazaar" finished-at="2021-06-24T20:32:54 IST" duration-ms="13585" status="PASS">
          <reporter-output>
          </reporter-output>
        </test-method> <!-- b -->
        <test-method signature="c()[pri:3, instance:NewTest@64a8c844]" started-at="2021-06-24T20:32:54 IST" name="c" description="Take a full page screenshot" finished-at="2021-06-24T20:33:09 IST" duration-ms="14981" status="PASS">
          <reporter-output>
          </reporter-output>
        </test-method> <!-- c -->
        <test-method is-config="true" signature="afterClass()[pri:0, instance:NewTest@64a8c844]" started-at="2021-06-24T20:33:09 IST" name="afterClass" finished-at="2021-06-24T20:33:11 IST" duration-ms="2339" status="PASS">
          <reporter-output>
          </reporter-output>
        </test-method> <!-- afterClass -->
      </class> <!-- NewTest -->
    </test> <!-- Default test -->
  </suite> <!-- Default suite -->
</testng-results>
