<?xml version="1.0" encoding="UTF-8"?>
<!-- Generated by org.testng.reporters.JUnitXMLReporter -->
<testsuite ignored="1" hostname="Shree-PC" failures="0" tests="3" name="Default test" time="24.564" errors="0" timestamp="2021-06-24T21:04:04 IST">
  <testcase classname="NewTest" name="a" time="5.827"/>
  <testcase classname="NewTest" name="b" time="8.936"/>
  <testcase classname="NewTest" name="d" time="1.972"/>
  <testcase classname="NewTest" name="c" time="0.0">
    <ignored/>
  </testcase> <!-- c -->
</testsuite> <!-- Default test -->
